# Logfile created on 2011-10-05 20:16:05 -0400 by logger.rb/25413
REQUESTING PAGE: GET /users/signin with {} and HTTP headers {}
REQUESTING PAGE: GET signin with {} and HTTP headers {}
REQUESTING PAGE: POST /sessions with {"utf8"=>"\xE2\x9C\x93", "session"=>{"email"=>"alindeman@example.com", "password"=>"ilovegrapes"}, "commit"=>"Sign in"} and HTTP headers {"HTTP_REFERER"=>"signin"}
REQUESTING PAGE: GET signin with {} and HTTP headers {}
REQUESTING PAGE: POST /sessions with {"utf8"=>"\xE2\x9C\x93", "session"=>{"email"=>"alindeman@example.com", "password"=>"ilovegrapes"}, "commit"=>"Sign in"} and HTTP headers {"HTTP_REFERER"=>"signin"}
REQUESTING PAGE: GET signin with {} and HTTP headers {}
REQUESTING PAGE: POST /sessions with {"utf8"=>"\xE2\x9C\x93", "session"=>{"email"=>"alindeman@example.com", "password"=>"ilovegrapes"}, "commit"=>"Sign in"} and HTTP headers {"HTTP_REFERER"=>"signin"}
REQUESTING PAGE: GET signin with {} and HTTP headers {}
REQUESTING PAGE: POST /sessions with {"utf8"=>"\xE2\x9C\x93", "session"=>{"email"=>"alindeman@example.com", "password"=>"ilrapes"}, "commit"=>"Sign in"} and HTTP headers {"HTTP_REFERER"=>"signin"}
REQUESTING PAGE: GET signin with {} and HTTP headers {}
REQUESTING PAGE: POST /sessions with {"utf8"=>"\xE2\x9C\x93", "session"=>{"email"=>"alindeman@example.com", "password"=>"ilovegrapes"}, "commit"=>"Sign in"} and HTTP headers {"HTTP_REFERER"=>"signin"}
REQUESTING PAGE: GET signin with {} and HTTP headers {}
REQUESTING PAGE: POST /sessions with {"utf8"=>"\xE2\x9C\x93", "session"=>{"email"=>"alindeman@example.com", "password"=>"ilrapes"}, "commit"=>"Sign in"} and HTTP headers {"HTTP_REFERER"=>"signin"}
REQUESTING PAGE: GET signin with {} and HTTP headers {}
REQUESTING PAGE: POST /sessions with {"utf8"=>"\xE2\x9C\x93", "session"=>{"email"=>"alindeman@example.com", "password"=>"ilovegrapes"}, "commit"=>"Sign in"} and HTTP headers {"HTTP_REFERER"=>"signin"}
REQUESTING PAGE: GET signin with {} and HTTP headers {}
REQUESTING PAGE: POST /sessions with {"utf8"=>"\xE2\x9C\x93", "session"=>{"email"=>"alindeman@example.com", "password"=>"ilrapes"}, "commit"=>"Sign in"} and HTTP headers {"HTTP_REFERER"=>"signin"}
REQUESTING PAGE: GET signin with {} and HTTP headers {}
REQUESTING PAGE: POST /sessions with {"utf8"=>"\xE2\x9C\x93", "session"=>{"email"=>"alindeman@example.com", "password"=>"ilovegrapes"}, "commit"=>"Sign in"} and HTTP headers {"HTTP_REFERER"=>"signin"}
REQUESTING PAGE: GET signin with {} and HTTP headers {}
REQUESTING PAGE: POST /sessions with {"utf8"=>"\xE2\x9C\x93", "session"=>{"email"=>"alindeman@example.com", "password"=>"ilrapes"}, "commit"=>"Sign in"} and HTTP headers {"HTTP_REFERER"=>"signin"}
REQUESTING PAGE: GET signin with {} and HTTP headers {}
REQUESTING PAGE: POST /sessions with {"utf8"=>"\xE2\x9C\x93", "session"=>{"email"=>"alindeman@example.com", "password"=>"ilovegrapes"}, "commit"=>"Sign in"} and HTTP headers {"HTTP_REFERER"=>"signin"}
REQUESTING PAGE: GET signin with {} and HTTP headers {}
REQUESTING PAGE: POST /sessions with {"utf8"=>"\xE2\x9C\x93", "session"=>{"email"=>"alindeman@example.com", "password"=>"ilrapes"}, "commit"=>"Sign in"} and HTTP headers {"HTTP_REFERER"=>"signin"}
REQUESTING PAGE: GET signin with {} and HTTP headers {}
REQUESTING PAGE: POST /sessions with {"utf8"=>"\xE2\x9C\x93", "session"=>{"email"=>"alindeman@example.com", "password"=>"ilovegrapes"}, "commit"=>"Sign in"} and HTTP headers {"HTTP_REFERER"=>"signin"}
REQUESTING PAGE: GET signin with {} and HTTP headers {}
REQUESTING PAGE: POST /sessions with {"utf8"=>"\xE2\x9C\x93", "session"=>{"email"=>"alindeman@example.com", "password"=>"ilrapes"}, "commit"=>"Sign in"} and HTTP headers {"HTTP_REFERER"=>"signin"}
